mode: set
github.com/pavelanni/ssh-login-monitor/pkg/sshloginmonitor/ouput.go:33.55,34.16 1 0
github.com/pavelanni/ssh-login-monitor/pkg/sshloginmonitor/ouput.go:34.16,36.3 1 0
github.com/pavelanni/ssh-login-monitor/pkg/sshloginmonitor/ouput.go:37.2,41.35 5 0
github.com/pavelanni/ssh-login-monitor/pkg/sshloginmonitor/ouput.go:41.35,47.3 1 0
github.com/pavelanni/ssh-login-monitor/pkg/sshloginmonitor/ouput.go:57.54,58.31 1 0
github.com/pavelanni/ssh-login-monitor/pkg/sshloginmonitor/ouput.go:58.31,60.3 1 0
github.com/pavelanni/ssh-login-monitor/pkg/sshloginmonitor/ouput.go:63.53,64.16 1 0
github.com/pavelanni/ssh-login-monitor/pkg/sshloginmonitor/ouput.go:64.16,66.3 1 0
github.com/pavelanni/ssh-login-monitor/pkg/sshloginmonitor/ouput.go:67.2,74.74 5 0
github.com/pavelanni/ssh-login-monitor/pkg/sshloginmonitor/ouput.go:84.38,85.31 1 0
github.com/pavelanni/ssh-login-monitor/pkg/sshloginmonitor/ouput.go:85.31,88.3 1 0
github.com/pavelanni/ssh-login-monitor/pkg/sshloginmonitor/ouput.go:92.39,94.16 2 0
github.com/pavelanni/ssh-login-monitor/pkg/sshloginmonitor/ouput.go:94.16,96.3 1 0
github.com/pavelanni/ssh-login-monitor/pkg/sshloginmonitor/ouput.go:97.2,97.29 1 0
github.com/pavelanni/ssh-login-monitor/pkg/sshloginmonitor/session.go:49.88,53.21 3 1
github.com/pavelanni/ssh-login-monitor/pkg/sshloginmonitor/session.go:53.21,55.17 2 1
github.com/pavelanni/ssh-login-monitor/pkg/sshloginmonitor/session.go:55.17,56.12 1 0
github.com/pavelanni/ssh-login-monitor/pkg/sshloginmonitor/session.go:59.3,60.17 2 1
github.com/pavelanni/ssh-login-monitor/pkg/sshloginmonitor/session.go:60.17,62.4 1 0
github.com/pavelanni/ssh-login-monitor/pkg/sshloginmonitor/session.go:63.3,63.32 1 1
github.com/pavelanni/ssh-login-monitor/pkg/sshloginmonitor/session.go:63.32,64.12 1 1
github.com/pavelanni/ssh-login-monitor/pkg/sshloginmonitor/session.go:66.3,66.33 1 1
github.com/pavelanni/ssh-login-monitor/pkg/sshloginmonitor/session.go:68.2,68.20 1 1
github.com/pavelanni/ssh-login-monitor/pkg/sshloginmonitor/session.go:71.77,79.16 5 0
github.com/pavelanni/ssh-login-monitor/pkg/sshloginmonitor/session.go:79.16,81.3 1 0
github.com/pavelanni/ssh-login-monitor/pkg/sshloginmonitor/session.go:82.2,86.16 3 0
github.com/pavelanni/ssh-login-monitor/pkg/sshloginmonitor/session.go:86.16,88.3 1 0
github.com/pavelanni/ssh-login-monitor/pkg/sshloginmonitor/session.go:91.2,92.16 2 0
github.com/pavelanni/ssh-login-monitor/pkg/sshloginmonitor/session.go:92.16,94.3 1 0
github.com/pavelanni/ssh-login-monitor/pkg/sshloginmonitor/session.go:96.2,96.6 1 0
github.com/pavelanni/ssh-login-monitor/pkg/sshloginmonitor/session.go:96.6,97.10 1 0
github.com/pavelanni/ssh-login-monitor/pkg/sshloginmonitor/session.go:98.21,99.14 1 0
github.com/pavelanni/ssh-login-monitor/pkg/sshloginmonitor/session.go:100.11,102.18 2 0
github.com/pavelanni/ssh-login-monitor/pkg/sshloginmonitor/session.go:102.18,104.10 2 0
github.com/pavelanni/ssh-login-monitor/pkg/sshloginmonitor/session.go:106.4,106.14 1 0
github.com/pavelanni/ssh-login-monitor/pkg/sshloginmonitor/session.go:106.14,108.32 1 0
github.com/pavelanni/ssh-login-monitor/pkg/sshloginmonitor/session.go:108.32,110.14 2 0
github.com/pavelanni/ssh-login-monitor/pkg/sshloginmonitor/session.go:111.11,112.11 1 0
github.com/pavelanni/ssh-login-monitor/pkg/sshloginmonitor/session.go:115.4,116.18 2 0
github.com/pavelanni/ssh-login-monitor/pkg/sshloginmonitor/session.go:116.18,118.5 1 0
github.com/pavelanni/ssh-login-monitor/pkg/sshloginmonitor/session.go:119.4,119.44 1 0
github.com/pavelanni/ssh-login-monitor/pkg/sshloginmonitor/session.go:119.44,128.19 3 0
github.com/pavelanni/ssh-login-monitor/pkg/sshloginmonitor/session.go:128.19,130.6 1 0
github.com/pavelanni/ssh-login-monitor/pkg/sshloginmonitor/session.go:131.5,131.34 1 0
github.com/pavelanni/ssh-login-monitor/pkg/sshloginmonitor/session.go:131.34,132.14 1 0
github.com/pavelanni/ssh-login-monitor/pkg/sshloginmonitor/session.go:134.5,135.19 2 0
github.com/pavelanni/ssh-login-monitor/pkg/sshloginmonitor/session.go:135.19,137.6 1 0
github.com/pavelanni/ssh-login-monitor/pkg/sshloginmonitor/session.go:138.5,144.22 1 0
github.com/pavelanni/ssh-login-monitor/pkg/sshloginmonitor/session.go:160.57,164.32 3 1
github.com/pavelanni/ssh-login-monitor/pkg/sshloginmonitor/session.go:164.32,165.33 1 1
github.com/pavelanni/ssh-login-monitor/pkg/sshloginmonitor/session.go:165.33,174.4 3 1
github.com/pavelanni/ssh-login-monitor/pkg/sshloginmonitor/session.go:174.9,174.41 1 1
github.com/pavelanni/ssh-login-monitor/pkg/sshloginmonitor/session.go:174.41,176.40 2 1
github.com/pavelanni/ssh-login-monitor/pkg/sshloginmonitor/session.go:176.40,180.38 2 1
github.com/pavelanni/ssh-login-monitor/pkg/sshloginmonitor/session.go:180.38,181.96 1 1
github.com/pavelanni/ssh-login-monitor/pkg/sshloginmonitor/session.go:181.96,185.7 3 1
github.com/pavelanni/ssh-login-monitor/pkg/sshloginmonitor/session.go:187.10,189.5 1 0
github.com/pavelanni/ssh-login-monitor/pkg/sshloginmonitor/session.go:192.2,192.17 1 1
github.com/pavelanni/ssh-login-monitor/pkg/sshloginmonitor/session.go:196.107,201.16 4 0
github.com/pavelanni/ssh-login-monitor/pkg/sshloginmonitor/session.go:201.16,203.3 1 0
github.com/pavelanni/ssh-login-monitor/pkg/sshloginmonitor/session.go:204.2,207.16 3 0
github.com/pavelanni/ssh-login-monitor/pkg/sshloginmonitor/session.go:207.16,209.3 1 0
github.com/pavelanni/ssh-login-monitor/pkg/sshloginmonitor/session.go:211.2,211.6 1 0
github.com/pavelanni/ssh-login-monitor/pkg/sshloginmonitor/session.go:211.6,212.10 1 0
github.com/pavelanni/ssh-login-monitor/pkg/sshloginmonitor/session.go:213.21,214.14 1 0
github.com/pavelanni/ssh-login-monitor/pkg/sshloginmonitor/session.go:215.34,216.49 1 0
github.com/pavelanni/ssh-login-monitor/pkg/sshloginmonitor/session.go:216.49,218.19 2 0
github.com/pavelanni/ssh-login-monitor/pkg/sshloginmonitor/session.go:218.19,220.6 1 0
github.com/pavelanni/ssh-login-monitor/pkg/sshloginmonitor/session.go:221.5,223.24 2 0
github.com/pavelanni/ssh-login-monitor/pkg/sshloginmonitor/session.go:223.24,226.20 3 0
github.com/pavelanni/ssh-login-monitor/pkg/sshloginmonitor/session.go:226.20,228.7 1 0
github.com/pavelanni/ssh-login-monitor/pkg/sshloginmonitor/session.go:230.6,230.38 1 0
github.com/pavelanni/ssh-login-monitor/pkg/sshloginmonitor/session.go:230.38,231.15 1 0
github.com/pavelanni/ssh-login-monitor/pkg/sshloginmonitor/session.go:233.6,234.20 2 0
github.com/pavelanni/ssh-login-monitor/pkg/sshloginmonitor/session.go:234.20,236.7 1 0
github.com/pavelanni/ssh-login-monitor/pkg/sshloginmonitor/session.go:237.6,238.47 2 0
github.com/pavelanni/ssh-login-monitor/pkg/sshloginmonitor/session.go:241.32,242.14 1 0
github.com/pavelanni/ssh-login-monitor/pkg/sshloginmonitor/session.go:247.81,262.31 6 1
github.com/pavelanni/ssh-login-monitor/pkg/sshloginmonitor/session.go:262.31,264.19 2 1
github.com/pavelanni/ssh-login-monitor/pkg/sshloginmonitor/session.go:264.19,266.4 1 1
github.com/pavelanni/ssh-login-monitor/pkg/sshloginmonitor/session.go:267.3,268.51 2 1
github.com/pavelanni/ssh-login-monitor/pkg/sshloginmonitor/session.go:268.51,269.14 1 1
github.com/pavelanni/ssh-login-monitor/pkg/sshloginmonitor/session.go:269.14,271.5 1 1
github.com/pavelanni/ssh-login-monitor/pkg/sshloginmonitor/session.go:273.3,275.17 2 1
github.com/pavelanni/ssh-login-monitor/pkg/sshloginmonitor/session.go:275.17,277.4 1 0
github.com/pavelanni/ssh-login-monitor/pkg/sshloginmonitor/session.go:278.3,279.17 2 1
github.com/pavelanni/ssh-login-monitor/pkg/sshloginmonitor/session.go:279.17,281.4 1 0
github.com/pavelanni/ssh-login-monitor/pkg/sshloginmonitor/session.go:282.3,282.21 1 1
github.com/pavelanni/ssh-login-monitor/pkg/sshloginmonitor/session.go:282.21,284.4 1 0
github.com/pavelanni/ssh-login-monitor/pkg/sshloginmonitor/session.go:285.3,291.4 1 1
github.com/pavelanni/ssh-login-monitor/pkg/sshloginmonitor/session.go:293.2,293.32 1 1
github.com/pavelanni/ssh-login-monitor/pkg/sshloginmonitor/session.go:293.32,295.19 2 1
github.com/pavelanni/ssh-login-monitor/pkg/sshloginmonitor/session.go:295.19,297.4 1 1
github.com/pavelanni/ssh-login-monitor/pkg/sshloginmonitor/session.go:298.3,299.52 2 1
github.com/pavelanni/ssh-login-monitor/pkg/sshloginmonitor/session.go:299.52,300.14 1 1
github.com/pavelanni/ssh-login-monitor/pkg/sshloginmonitor/session.go:300.14,302.5 1 1
github.com/pavelanni/ssh-login-monitor/pkg/sshloginmonitor/session.go:304.3,307.17 4 1
github.com/pavelanni/ssh-login-monitor/pkg/sshloginmonitor/session.go:307.17,309.4 1 0
github.com/pavelanni/ssh-login-monitor/pkg/sshloginmonitor/session.go:310.3,316.4 1 1
github.com/pavelanni/ssh-login-monitor/pkg/sshloginmonitor/session.go:318.2,318.19 1 1
github.com/pavelanni/ssh-login-monitor/pkg/sshloginmonitor/session.go:323.112,324.32 1 0
github.com/pavelanni/ssh-login-monitor/pkg/sshloginmonitor/session.go:324.32,334.3 4 0
github.com/pavelanni/ssh-login-monitor/pkg/sshloginmonitor/session.go:334.8,334.40 1 0
github.com/pavelanni/ssh-login-monitor/pkg/sshloginmonitor/session.go:334.40,336.39 2 0
github.com/pavelanni/ssh-login-monitor/pkg/sshloginmonitor/session.go:336.39,340.38 2 0
github.com/pavelanni/ssh-login-monitor/pkg/sshloginmonitor/session.go:340.38,341.95 1 0
github.com/pavelanni/ssh-login-monitor/pkg/sshloginmonitor/session.go:341.95,345.6 3 0
github.com/pavelanni/ssh-login-monitor/pkg/sshloginmonitor/session.go:347.4,347.21 1 0
github.com/pavelanni/ssh-login-monitor/pkg/sshloginmonitor/session.go:348.9,351.4 2 0
github.com/pavelanni/ssh-login-monitor/pkg/sshloginmonitor/session.go:353.2,353.19 1 0
github.com/pavelanni/ssh-login-monitor/pkg/sshloginmonitor/user.go:24.104,26.16 2 0
github.com/pavelanni/ssh-login-monitor/pkg/sshloginmonitor/user.go:26.16,27.37 1 0
github.com/pavelanni/ssh-login-monitor/pkg/sshloginmonitor/user.go:27.37,30.4 2 0
github.com/pavelanni/ssh-login-monitor/pkg/sshloginmonitor/user.go:31.3,31.13 1 0
github.com/pavelanni/ssh-login-monitor/pkg/sshloginmonitor/user.go:33.2,37.16 4 0
github.com/pavelanni/ssh-login-monitor/pkg/sshloginmonitor/user.go:37.16,39.3 1 0
github.com/pavelanni/ssh-login-monitor/pkg/sshloginmonitor/user.go:40.2,41.16 2 0
github.com/pavelanni/ssh-login-monitor/pkg/sshloginmonitor/user.go:41.16,43.3 1 0
github.com/pavelanni/ssh-login-monitor/pkg/sshloginmonitor/user.go:44.2,44.13 1 0
github.com/pavelanni/ssh-login-monitor/pkg/sshloginmonitor/user.go:44.13,46.3 1 0
github.com/pavelanni/ssh-login-monitor/pkg/sshloginmonitor/user.go:49.2,50.16 2 0
github.com/pavelanni/ssh-login-monitor/pkg/sshloginmonitor/user.go:50.16,52.3 1 0
github.com/pavelanni/ssh-login-monitor/pkg/sshloginmonitor/user.go:53.2,55.16 3 0
github.com/pavelanni/ssh-login-monitor/pkg/sshloginmonitor/user.go:55.16,57.3 1 0
github.com/pavelanni/ssh-login-monitor/pkg/sshloginmonitor/user.go:58.2,58.6 1 0
github.com/pavelanni/ssh-login-monitor/pkg/sshloginmonitor/user.go:58.6,59.10 1 0
github.com/pavelanni/ssh-login-monitor/pkg/sshloginmonitor/user.go:60.21,61.14 1 0
github.com/pavelanni/ssh-login-monitor/pkg/sshloginmonitor/user.go:62.31,63.46 1 0
github.com/pavelanni/ssh-login-monitor/pkg/sshloginmonitor/user.go:63.46,69.24 2 0
github.com/pavelanni/ssh-login-monitor/pkg/sshloginmonitor/user.go:69.24,72.20 2 0
github.com/pavelanni/ssh-login-monitor/pkg/sshloginmonitor/user.go:72.20,74.7 1 0
github.com/pavelanni/ssh-login-monitor/pkg/sshloginmonitor/user.go:77.6,77.23 1 0
github.com/pavelanni/ssh-login-monitor/pkg/sshloginmonitor/user.go:77.23,79.15 2 0
github.com/pavelanni/ssh-login-monitor/pkg/sshloginmonitor/user.go:83.6,89.20 4 0
github.com/pavelanni/ssh-login-monitor/pkg/sshloginmonitor/user.go:89.20,91.7 1 0
github.com/pavelanni/ssh-login-monitor/pkg/sshloginmonitor/user.go:94.32,95.14 1 0
github.com/pavelanni/ssh-login-monitor/pkg/sshloginmonitor/user.go:107.57,111.21 3 1
github.com/pavelanni/ssh-login-monitor/pkg/sshloginmonitor/user.go:111.21,114.17 2 1
github.com/pavelanni/ssh-login-monitor/pkg/sshloginmonitor/user.go:114.17,116.4 1 0
github.com/pavelanni/ssh-login-monitor/pkg/sshloginmonitor/user.go:119.3,119.20 1 1
github.com/pavelanni/ssh-login-monitor/pkg/sshloginmonitor/user.go:119.20,121.12 2 0
github.com/pavelanni/ssh-login-monitor/pkg/sshloginmonitor/user.go:125.3,132.32 3 1
github.com/pavelanni/ssh-login-monitor/pkg/sshloginmonitor/user.go:135.2,135.12 1 1
github.com/pavelanni/ssh-login-monitor/pkg/sshloginmonitor/user.go:146.67,147.21 1 0
github.com/pavelanni/ssh-login-monitor/pkg/sshloginmonitor/user.go:147.21,149.3 1 0
github.com/pavelanni/ssh-login-monitor/pkg/sshloginmonitor/user.go:151.2,151.29 1 0
github.com/pavelanni/ssh-login-monitor/pkg/sshloginmonitor/user.go:151.29,153.17 2 0
github.com/pavelanni/ssh-login-monitor/pkg/sshloginmonitor/user.go:153.17,155.4 1 0
github.com/pavelanni/ssh-login-monitor/pkg/sshloginmonitor/user.go:157.2,157.12 1 0
github.com/pavelanni/ssh-login-monitor/pkg/sshloginmonitor/user.go:160.66,161.43 1 0
github.com/pavelanni/ssh-login-monitor/pkg/sshloginmonitor/user.go:161.43,163.15 2 0
github.com/pavelanni/ssh-login-monitor/pkg/sshloginmonitor/user.go:163.15,165.4 1 0
github.com/pavelanni/ssh-login-monitor/pkg/sshloginmonitor/user.go:166.3,167.15 2 0
github.com/pavelanni/ssh-login-monitor/pkg/sshloginmonitor/user.go:167.15,168.36 1 0
github.com/pavelanni/ssh-login-monitor/pkg/sshloginmonitor/user.go:168.36,170.5 1 0
github.com/pavelanni/ssh-login-monitor/pkg/sshloginmonitor/user.go:172.3,173.64 2 0
github.com/pavelanni/ssh-login-monitor/pkg/sshloginmonitor/user.go:175.2,175.16 1 0
github.com/pavelanni/ssh-login-monitor/pkg/sshloginmonitor/user.go:175.16,177.3 1 0
github.com/pavelanni/ssh-login-monitor/pkg/sshloginmonitor/user.go:178.2,178.12 1 0
github.com/pavelanni/ssh-login-monitor/pkg/sshloginmonitor/user.go:181.82,183.41 2 1
github.com/pavelanni/ssh-login-monitor/pkg/sshloginmonitor/user.go:183.41,185.15 2 1
github.com/pavelanni/ssh-login-monitor/pkg/sshloginmonitor/user.go:185.15,187.4 1 0
github.com/pavelanni/ssh-login-monitor/pkg/sshloginmonitor/user.go:188.3,189.13 2 1
github.com/pavelanni/ssh-login-monitor/pkg/sshloginmonitor/user.go:191.2,191.16 1 1
github.com/pavelanni/ssh-login-monitor/pkg/sshloginmonitor/user.go:191.16,193.3 1 0
github.com/pavelanni/ssh-login-monitor/pkg/sshloginmonitor/user.go:194.2,194.22 1 1
github.com/pavelanni/ssh-login-monitor/pkg/sshloginmonitor/util.go:15.59,16.21 1 1
github.com/pavelanni/ssh-login-monitor/pkg/sshloginmonitor/util.go:16.21,18.3 1 1
github.com/pavelanni/ssh-login-monitor/pkg/sshloginmonitor/util.go:19.2,20.29 2 1
github.com/pavelanni/ssh-login-monitor/pkg/sshloginmonitor/util.go:20.29,21.46 1 1
github.com/pavelanni/ssh-login-monitor/pkg/sshloginmonitor/util.go:21.46,23.4 1 1
github.com/pavelanni/ssh-login-monitor/pkg/sshloginmonitor/util.go:23.9,25.4 1 1
github.com/pavelanni/ssh-login-monitor/pkg/sshloginmonitor/util.go:27.2,27.21 1 1
